<?xml version="1.0" encoding="UTF-8"?>
<!-- Generated by org.testng.reporters.JUnitReportReporter -->
<testsuite hostname="LPT2907" failures="0" tests="2" name="pk_orangeHrm.SauceLab" time="30.244" errors="0" timestamp="2022-06-14T15:44:26 IST" skipped="0">
  <testcase classname="pk_orangeHrm.SauceLab" name="SauceLab_Example" time="24.548"/>
  <system-out/>
  <testcase classname="pk_orangeHrm.SauceLab" name="Logout" time="5.696"/>
  <system-out/>
</testsuite> <!-- pk_orangeHrm.SauceLab -->
