<?xml version="1.0" encoding="UTF-8"?>
<!-- Generated by org.testng.reporters.JUnitReportReporter -->
<testsuite hostname="LPT2907" failures="0" tests="1" name="pk_orangeHrm_login.NewTest" time="7.246" errors="0" timestamp="2022-06-07T16:31:49 IST" skipped="0">
  <testcase classname="pk_orangeHrm_login.NewTest" name="sphree" time="7.246"/>
  <system-out/>
</testsuite> <!-- pk_orangeHrm_login.NewTest -->
