<?xml version="1.0" encoding="UTF-8"?>
<!-- Generated by org.testng.reporters.JUnitReportReporter -->
<testsuite hostname="LPT2907" failures="0" tests="1" name="pk_orangeHrm_login.orangeHrm" time="17.375" errors="0" timestamp="2022-06-06T16:01:52 IST" skipped="0">
  <testcase classname="pk_orangeHrm_login.orangeHrm" name="AddUser_VerifyUser" time="17.375"/>
  <system-out/>
</testsuite> <!-- pk_orangeHrm_login.orangeHrm -->
