<?xml version="1.0" encoding="UTF-8"?>
<!-- Generated by org.testng.reporters.JUnitReportReporter -->
<testsuite hostname="LPT2907" failures="0" tests="1" name="pk_orangeHrm.NewTest1" time="19.545" errors="0" timestamp="2022-06-14T15:06:27 IST" skipped="0">
  <testcase classname="pk_orangeHrm.NewTest1" name="Date_Select" time="19.545"/>
  <system-out/>
</testsuite> <!-- pk_orangeHrm.NewTest1 -->
