<?xml version="1.0" encoding="UTF-8"?>
<!-- Generated by org.testng.reporters.JUnitReportReporter -->
<testsuite hostname="LPT2907" failures="0" tests="1" name="pk_orangeHrm.NewTest_loginTest" time="8.240" errors="0" timestamp="2022-06-03T18:24:35 IST" skipped="0">
  <testcase classname="pk_orangeHrm.NewTest_loginTest" name="Login_Check" time="8.240"/>
  <system-out/>
</testsuite> <!-- pk_orangeHrm.NewTest_loginTest -->
