<?xml version="1.0" encoding="UTF-8"?>
<!-- Generated by org.testng.reporters.JUnitReportReporter -->
<testsuite hostname="LPT2907" failures="0" tests="1" name="pk_orangeHrm.NewTest" time="22.048" errors="0" timestamp="2022-06-03T17:20:01 IST" skipped="0">
  <testcase classname="pk_orangeHrm.NewTest" name="login" time="22.048"/>
  <system-out/>
</testsuite> <!-- pk_orangeHrm.NewTest -->
