<?xml version="1.0" encoding="UTF-8"?>
<!-- Generated by org.testng.reporters.JUnitReportReporter -->
<testsuite hostname="LPT2907" failures="0" tests="1" name="pk_orangeHrm_login.hdfclogin" time="11.330" errors="0" timestamp="2022-06-07T18:00:47 IST" skipped="0">
  <testcase classname="pk_orangeHrm_login.hdfclogin" name="Login" time="11.330"/>
  <system-out/>
</testsuite> <!-- pk_orangeHrm_login.hdfclogin -->
