<?xml version="1.0" encoding="UTF-8"?>
<!-- Generated by org.testng.reporters.JUnitReportReporter -->
<testsuite hostname="LPT2907" failures="0" tests="3" name="pk_orangeHrm.sphreeTest" time="25.215" errors="0" timestamp="2022-06-08T15:14:13 IST" skipped="0">
  <testcase classname="pk_orangeHrm.sphreeTest" name="Employeelist" time="2.920"/>
  <system-out/>
  <testcase classname="pk_orangeHrm.sphreeTest" name="Add_Employee" time="13.310"/>
  <system-out/>
  <testcase classname="pk_orangeHrm.sphreeTest" name="Delete_Employees_withSameName" time="8.985"/>
  <system-out/>
</testsuite> <!-- pk_orangeHrm.sphreeTest -->
