<?xml version="1.0" encoding="UTF-8"?>
<!-- Generated by org.testng.reporters.JUnitReportReporter -->
<testsuite hostname="LPT2907" failures="0" tests="1" name="pk_orangeHrm_login.headlessBrowser" time="15.168" errors="0" timestamp="2022-06-07T17:41:50 IST" skipped="0">
  <testcase classname="pk_orangeHrm_login.headlessBrowser" name="Firefox_Headless" time="15.168"/>
  <system-out/>
</testsuite> <!-- pk_orangeHrm_login.headlessBrowser -->
