<?xml version="1.0" encoding="UTF-8"?>
<!-- Generated by org.testng.reporters.JUnitReportReporter -->
<testsuite hostname="LPT2907" failures="0" tests="1" name="pk_orangeHrm.yatra_login" time="16.904" errors="0" timestamp="2022-06-06T17:16:09 IST" skipped="0">
  <testcase classname="pk_orangeHrm.yatra_login" name="MouseHoverYatra" time="16.904"/>
  <system-out/>
</testsuite> <!-- pk_orangeHrm.yatra_login -->
